2026-04-19T12:30:26.092Z GET /api/health
2026-04-19T12:30:36.949Z GET /api/products
2026-04-19T12:30:40.063Z GET /api/health
2026-04-19T12:30:41.183Z GET /api/health
2026-04-19T12:30:56.268Z GET /api/health
2026-04-19T12:31:11.366Z GET /api/health
2026-04-19T12:31:26.456Z GET /api/health
2026-04-19T12:31:41.527Z GET /api/health
2026-04-19T12:31:56.590Z GET /api/health
2026-04-19T12:32:11.664Z GET /api/health
2026-04-20T10:50:27.609Z GET /api/health
2026-04-20T10:50:33.581Z GET /api/products
2026-04-20T10:50:42.704Z GET /api/health
2026-04-20T10:50:57.782Z GET /api/health
2026-04-20T10:51:12.867Z GET /api/health
2026-04-20T10:51:27.983Z GET /api/health
2026-04-20T10:51:43.076Z GET /api/health
2026-04-20T10:51:58.143Z GET /api/health
2026-04-20T10:52:13.257Z GET /api/health
2026-04-20T10:52:28.377Z GET /api/health
2026-04-20T10:52:40.387Z POST /api/auth/signup
2026-04-20T10:52:40.730Z GET /api/cart
2026-04-20T10:52:40.830Z GET /api/products
2026-04-20T10:52:43.494Z GET /api/health
2026-04-20T10:52:58.656Z GET /api/health
2026-04-20T10:53:13.792Z GET /api/health
2026-04-20T10:53:28.974Z GET /api/health
2026-04-20T10:53:44.073Z GET /api/health
2026-04-20T10:56:08.379Z GET /api/health
2026-04-20T10:56:23.481Z GET /api/health
2026-04-20T10:56:25.235Z GET /api/auth/me
2026-04-20T10:56:25.266Z GET /api/cart
2026-04-20T10:56:31.973Z POST /api/auth/login
2026-04-20T10:56:32.295Z GET /api/cart
2026-04-20T10:56:32.319Z GET /api/products
2026-04-20T10:56:38.607Z GET /api/health
2026-04-20T10:56:53.695Z GET /api/health
2026-04-20T10:57:08.765Z GET /api/health
2026-04-20T10:57:23.865Z GET /api/health
2026-04-20T10:57:38.933Z GET /api/health
2026-04-20T10:57:54.020Z GET /api/health
2026-04-20T10:58:09.104Z GET /api/health
2026-04-20T10:58:24.185Z GET /api/health
2026-04-20T10:58:39.269Z GET /api/health
2026-04-20T10:58:54.372Z GET /api/health
2026-04-20T10:59:09.457Z GET /api/health
2026-04-20T11:21:14.870Z GET /api/health
2026-04-20T11:21:29.962Z GET /api/health
2026-04-20T11:21:45.065Z GET /api/health
2026-04-20T11:22:00.172Z GET /api/health
2026-04-20T11:22:15.249Z GET /api/health
2026-04-20T11:22:30.344Z GET /api/health
2026-04-20T11:22:45.456Z GET /api/health
2026-04-20T11:23:00.538Z GET /api/health
2026-04-20T11:23:15.598Z GET /api/health
2026-04-20T11:23:30.679Z GET /api/health
2026-04-20T11:23:45.767Z GET /api/health
2026-04-20T11:24:00.908Z GET /api/health
2026-04-20T11:24:16.018Z GET /api/health
2026-04-20T11:24:31.101Z GET /api/health
2026-04-20T11:24:46.191Z GET /api/health
2026-04-20T11:25:01.329Z GET /api/health
2026-04-20T11:25:16.425Z GET /api/health
2026-04-20T11:25:31.524Z GET /api/health
2026-04-20T11:25:43.113Z GET /api/auth/me
2026-04-20T11:25:46.587Z GET /api/health
2026-04-20T11:25:49.592Z GET /api/products
2026-04-20T11:25:54.303Z GET /api/products?category=electronics
2026-04-20T11:25:56.596Z POST /api/cart
2026-04-20T11:26:01.653Z GET /api/health
2026-04-20T11:26:16.731Z GET /api/health
2026-04-20T11:26:31.810Z GET /api/health
2026-04-20T11:26:46.897Z GET /api/health
2026-04-20T11:27:01.967Z GET /api/health
2026-04-20T11:27:17.052Z GET /api/health
2026-04-20T11:27:32.114Z GET /api/health
2026-04-20T11:27:47.191Z GET /api/health
2026-04-20T11:28:02.292Z GET /api/health
2026-04-20T11:28:17.386Z GET /api/health
2026-04-20T11:28:32.463Z GET /api/health
2026-04-20T11:28:47.543Z GET /api/health
2026-04-20T11:29:02.613Z GET /api/health
2026-04-20T11:29:17.683Z GET /api/health
2026-04-20T11:29:32.742Z GET /api/health
2026-04-20T11:29:47.825Z GET /api/health
2026-04-20T11:30:02.900Z GET /api/health
2026-04-20T11:30:17.977Z GET /api/health
2026-04-20T11:30:33.065Z GET /api/health
2026-04-20T11:30:48.154Z GET /api/health
2026-04-20T11:31:03.254Z GET /api/health
2026-04-20T11:31:18.320Z GET /api/health
2026-04-20T11:31:33.424Z GET /api/health
2026-04-20T11:31:48.510Z GET /api/health
2026-04-20T11:32:03.598Z GET /api/health
2026-04-20T11:32:18.689Z GET /api/health
2026-04-20T11:32:33.767Z GET /api/health
2026-04-20T11:32:48.853Z GET /api/health
2026-04-20T11:33:03.952Z GET /api/health
2026-04-20T11:33:19.046Z GET /api/health
2026-04-20T11:33:34.120Z GET /api/health
2026-04-20T11:33:49.202Z GET /api/health
2026-04-20T11:34:04.272Z GET /api/health
2026-04-20T11:34:19.474Z GET /api/health
2026-04-20T11:34:34.568Z GET /api/health
2026-04-20T11:34:49.700Z GET /api/health
2026-04-20T11:35:04.804Z GET /api/health
2026-04-20T11:35:19.884Z GET /api/health
2026-04-20T11:35:34.963Z GET /api/health
2026-04-20T11:35:50.041Z GET /api/health
2026-04-20T11:36:05.103Z GET /api/health
2026-04-20T11:36:20.189Z GET /api/health
2026-04-20T11:36:35.271Z GET /api/health
2026-04-20T11:36:48.250Z GET /api/health
2026-04-20T11:36:50.352Z GET /api/health
2026-04-20T11:37:05.431Z GET /api/health
2026-04-20T11:37:16.438Z GET /api/health
2026-04-20T11:37:16.555Z GET /favicon.ico
2026-04-20T11:37:20.523Z GET /api/health
2026-04-20T11:37:35.613Z GET /api/health
2026-04-20T11:37:50.705Z GET /api/health
2026-04-20T11:38:05.809Z GET /api/health
2026-04-20T11:38:20.914Z GET /api/health
2026-04-20T11:38:36.022Z GET /api/health
2026-04-20T11:38:51.113Z GET /api/health
2026-04-20T11:39:06.210Z GET /api/health
2026-04-20T11:39:21.307Z GET /api/health
2026-04-20T11:39:36.372Z GET /api/health
2026-04-20T11:39:51.514Z GET /api/health
2026-04-20T11:40:06.617Z GET /api/health
2026-04-20T11:40:21.735Z GET /api/health
2026-04-20T11:40:36.881Z GET /api/health
2026-04-20T11:40:51.965Z GET /api/health
2026-04-20T11:41:07.045Z GET /api/health
2026-04-20T11:41:22.136Z GET /api/health
2026-04-20T11:41:37.224Z GET /api/health
2026-04-20T11:41:52.339Z GET /api/health
2026-04-20T11:42:07.451Z GET /api/health
2026-04-20T11:42:22.533Z GET /api/health
2026-04-20T11:42:37.634Z GET /api/health
2026-04-20T11:42:52.704Z GET /api/health
2026-04-20T11:43:07.781Z GET /api/health
2026-04-20T11:43:22.868Z GET /api/health
2026-04-20T11:43:37.930Z GET /api/health
2026-04-20T11:43:53.004Z GET /api/health
2026-04-20T11:44:08.078Z GET /api/health
2026-04-20T11:44:23.163Z GET /api/health
2026-04-20T11:44:38.233Z GET /api/health
2026-04-20T11:44:53.303Z GET /api/health
2026-04-20T11:45:08.376Z GET /api/health
2026-04-20T11:45:23.458Z GET /api/health
2026-04-20T11:45:38.526Z GET /api/health
2026-04-20T11:45:53.606Z GET /api/health
2026-04-20T11:46:08.690Z GET /api/health
2026-04-20T11:46:23.783Z GET /api/health
2026-04-20T11:46:38.864Z GET /api/health
2026-04-20T11:46:53.943Z GET /api/health
2026-04-20T11:47:09.028Z GET /api/health
2026-04-20T11:48:26.613Z GET /api/health
2026-04-20T11:48:41.701Z GET /api/health
2026-04-20T11:48:56.763Z GET /api/health
2026-04-20T11:49:11.829Z GET /api/health
2026-04-20T11:49:26.911Z GET /api/health
2026-04-20T11:49:42.007Z GET /api/health
2026-04-20T11:49:57.103Z GET /api/health
2026-04-20T11:50:12.192Z GET /api/health
2026-04-20T11:50:27.279Z GET /api/health
2026-04-20T11:50:42.364Z GET /api/health
2026-04-20T11:50:57.433Z GET /api/health
2026-04-20T11:51:12.521Z GET /api/health
2026-04-20T11:51:27.615Z GET /api/health
2026-04-20T11:51:42.700Z GET /api/health
2026-04-20T11:51:57.792Z GET /api/health
2026-04-20T11:52:12.883Z GET /api/health
2026-04-20T11:52:27.987Z GET /api/health
2026-04-20T11:52:43.099Z GET /api/health
2026-04-20T11:52:58.214Z GET /api/health
2026-04-20T11:53:13.286Z GET /api/health
2026-04-20T11:53:28.372Z GET /api/health
2026-04-20T11:53:43.452Z GET /api/health
2026-04-20T11:54:40.326Z GET /api/health
2026-04-20T11:54:55.383Z GET /api/health
2026-04-20T11:55:10.466Z GET /api/health
2026-04-20T11:55:25.568Z GET /api/health
2026-04-20T11:55:40.635Z GET /api/health
2026-04-20T11:55:55.707Z GET /api/health
2026-04-20T11:56:10.793Z GET /api/health
2026-04-20T11:56:25.881Z GET /api/health
2026-04-20T11:56:40.951Z GET /api/health
2026-04-20T11:56:56.041Z GET /api/health
2026-04-20T11:57:11.153Z GET /api/health
2026-04-20T11:57:26.233Z GET /api/health
2026-04-20T11:57:41.306Z GET /api/health
2026-04-20T11:57:56.375Z GET /api/health
2026-04-20T11:58:11.431Z GET /api/health
2026-04-20T11:58:26.523Z GET /api/health
2026-04-20T11:58:41.587Z GET /api/health
2026-04-20T11:58:56.664Z GET /api/health
2026-04-20T11:59:11.753Z GET /api/health
2026-04-20T11:59:26.860Z GET /api/health
2026-04-20T11:59:41.955Z GET /api/health
2026-04-20T11:59:57.092Z GET /api/health
2026-04-20T12:00:28.447Z GET /api/health
2026-04-20T12:00:43.532Z GET /api/health
2026-04-20T12:00:58.616Z GET /api/health
2026-04-20T12:01:13.691Z GET /api/health
2026-04-20T12:01:28.772Z GET /api/health
2026-04-20T12:01:43.837Z GET /api/health
2026-04-20T12:01:58.923Z GET /api/health
2026-04-20T12:02:13.994Z GET /api/health
2026-04-20T12:02:29.068Z GET /api/health
2026-04-20T12:02:44.141Z GET /api/health
2026-04-20T12:02:59.224Z GET /api/health
2026-04-20T12:03:14.326Z GET /api/health
2026-04-20T12:03:29.458Z GET /api/health
2026-04-20T12:03:44.529Z GET /api/health
2026-04-20T12:03:59.629Z GET /api/health
2026-04-20T12:04:14.691Z GET /api/health
2026-04-20T12:04:29.764Z GET /api/health
2026-04-20T12:04:44.836Z GET /api/health
2026-04-20T12:04:59.911Z GET /api/health
2026-04-20T12:05:14.975Z GET /api/health
2026-04-20T12:05:30.037Z GET /api/health
2026-04-20T12:05:45.112Z GET /api/health
2026-04-20T12:06:00.187Z GET /api/health
2026-04-20T12:06:15.249Z GET /api/health
2026-04-20T12:06:30.335Z GET /api/health
2026-04-20T12:06:45.422Z GET /api/health
2026-04-20T12:07:00.496Z GET /api/health
2026-04-20T12:07:15.577Z GET /api/health
2026-04-20T12:07:30.657Z GET /api/health
2026-04-20T12:07:45.740Z GET /api/health
2026-04-20T12:08:00.937Z GET /api/health
2026-04-20T12:08:16.005Z GET /api/health
2026-04-20T12:08:31.092Z GET /api/health
2026-04-20T12:08:46.194Z GET /api/health
2026-04-20T12:09:01.292Z GET /api/health
2026-04-20T12:09:16.367Z GET /api/health
2026-04-20T12:09:31.449Z GET /api/health
2026-04-20T12:09:46.543Z GET /api/health
2026-04-20T12:10:01.616Z GET /api/health
2026-04-20T12:10:16.698Z GET /api/health
2026-04-20T12:10:31.820Z GET /api/health
2026-04-20T12:10:46.904Z GET /api/health
2026-04-20T12:11:01.989Z GET /api/health
2026-04-20T12:11:17.048Z GET /api/health
2026-04-20T12:11:32.131Z GET /api/health
2026-04-20T12:11:47.206Z GET /api/health
2026-04-20T12:12:02.271Z GET /api/health
2026-04-20T12:12:17.333Z GET /api/health
2026-04-20T12:12:32.398Z GET /api/health
2026-04-20T12:12:47.477Z GET /api/health
2026-04-20T12:13:02.578Z GET /api/health
2026-04-20T12:13:17.649Z GET /api/health
2026-04-20T12:13:32.735Z GET /api/health
2026-04-20T12:13:47.801Z GET /api/health
2026-04-20T12:14:02.871Z GET /api/health
2026-04-20T12:14:17.957Z GET /api/health
2026-04-20T12:14:33.106Z GET /api/health
2026-04-20T12:14:48.195Z GET /api/health
2026-04-20T12:15:03.282Z GET /api/health
2026-04-20T12:15:18.370Z GET /api/health
2026-04-20T12:15:33.430Z GET /api/health
2026-04-20T12:15:48.509Z GET /api/health
2026-04-20T12:16:03.570Z GET /api/health
2026-04-20T12:16:18.655Z GET /api/health
2026-04-20T12:16:33.716Z GET /api/health
2026-04-20T12:16:48.785Z GET /api/health
2026-04-20T12:17:03.862Z GET /api/health
2026-04-20T12:17:18.934Z GET /api/health
2026-04-20T12:17:33.994Z GET /api/health
2026-04-20T12:17:49.074Z GET /api/health
2026-04-20T12:18:04.153Z GET /api/health
2026-04-20T12:18:19.242Z GET /api/health
2026-04-20T12:18:34.341Z GET /api/health
2026-04-20T12:18:49.406Z GET /api/health
2026-04-20T12:19:04.479Z GET /api/health
2026-04-20T12:19:19.557Z GET /api/health
2026-04-20T12:19:34.632Z GET /api/health
2026-04-20T12:19:49.734Z GET /api/health
2026-04-20T12:20:04.830Z GET /api/health
2026-04-20T12:20:19.902Z GET /api/health
2026-04-20T12:20:34.975Z GET /api/health
2026-04-20T12:20:50.113Z GET /api/health
2026-04-20T12:21:05.431Z GET /api/health
2026-04-20T12:21:20.634Z GET /api/health
2026-04-20T12:21:35.843Z GET /api/health
2026-04-20T12:21:51.039Z GET /api/health
2026-04-20T12:22:06.215Z GET /api/health
2026-04-21T19:03:16.350Z GET /api/health
2026-04-21T19:03:31.484Z GET /api/health
2026-04-21T19:03:46.592Z GET /api/health
2026-04-21T19:04:01.637Z GET /api/health
2026-04-21T19:04:16.733Z GET /api/health
2026-04-21T19:04:31.838Z GET /api/health
2026-04-21T19:04:46.965Z GET /api/health
2026-04-21T19:05:02.063Z GET /api/health
2026-04-21T19:05:17.140Z GET /api/health
2026-04-21T19:05:32.223Z GET /api/health
2026-04-21T19:05:47.314Z GET /api/health
2026-04-21T19:06:02.437Z GET /api/health
2026-04-21T19:06:17.536Z GET /api/health
2026-04-21T19:06:32.647Z GET /api/health
2026-04-21T19:06:47.708Z GET /api/health
2026-04-21T19:07:02.795Z GET /api/health
2026-04-21T19:07:17.852Z GET /api/health
2026-04-21T19:07:32.930Z GET /api/health
2026-04-21T19:07:47.996Z GET /api/health
2026-04-21T19:08:03.052Z GET /api/health
2026-04-21T19:08:18.107Z GET /api/health
2026-04-21T19:08:33.193Z GET /api/health
2026-04-21T19:08:48.278Z GET /api/health
2026-04-21T19:09:03.341Z GET /api/health
2026-04-21T19:09:18.413Z GET /api/health
2026-04-21T19:09:33.481Z GET /api/health
2026-04-21T19:09:48.588Z GET /api/health
2026-04-21T19:10:03.672Z GET /api/health
2026-04-21T19:10:18.757Z GET /api/health
2026-04-21T19:10:33.862Z GET /api/health
2026-04-21T19:10:48.951Z GET /api/health
2026-04-21T19:11:04.013Z GET /api/health
2026-04-21T19:11:19.071Z GET /api/health
2026-04-21T19:11:34.148Z GET /api/health
2026-04-21T19:11:49.208Z GET /api/health
2026-04-21T19:12:04.270Z GET /api/health
2026-04-21T19:12:19.336Z GET /api/health
2026-04-21T19:12:34.420Z GET /api/health
2026-04-21T19:12:49.491Z GET /api/health
2026-04-21T19:13:04.571Z GET /api/health
2026-04-21T19:13:19.658Z GET /api/health
2026-04-21T19:13:34.730Z GET /api/health
2026-04-21T19:13:49.794Z GET /api/health
2026-04-21T19:14:04.870Z GET /api/health
2026-04-21T19:14:19.953Z GET /api/health
2026-04-21T19:14:35.042Z GET /api/health
2026-04-21T19:14:50.116Z GET /api/health
2026-04-21T19:15:05.199Z GET /api/health
2026-04-21T19:15:20.269Z GET /api/health
2026-04-21T19:15:35.354Z GET /api/health
2026-04-21T19:15:50.451Z GET /api/health
2026-04-21T19:16:05.562Z GET /api/health
2026-04-21T19:16:20.617Z GET /api/health
2026-04-21T19:16:35.692Z GET /api/health
2026-04-21T19:16:50.764Z GET /api/health
2026-04-21T19:17:05.859Z GET /api/health
2026-04-21T19:17:20.931Z GET /api/health
2026-04-21T19:17:36.009Z GET /api/health
2026-04-21T19:17:51.116Z GET /api/health
2026-04-21T19:18:06.226Z GET /api/health
2026-04-21T19:18:21.293Z GET /api/health
2026-04-21T19:18:36.351Z GET /api/health
2026-04-21T19:18:51.408Z GET /api/health
2026-04-21T19:19:06.476Z GET /api/health
2026-04-21T19:19:21.560Z GET /api/health
2026-04-21T19:19:36.623Z GET /api/health
2026-04-21T19:19:51.710Z GET /api/health
2026-04-21T19:20:06.772Z GET /api/health
2026-04-21T19:20:21.841Z GET /api/health
2026-04-21T19:20:36.915Z GET /api/health
2026-04-21T19:20:51.999Z GET /api/health
2026-04-21T19:21:07.080Z GET /api/health
2026-04-21T19:21:22.144Z GET /api/health
2026-04-21T19:21:37.219Z GET /api/health
2026-04-21T19:21:52.306Z GET /api/health
2026-04-21T19:22:07.405Z GET /api/health
2026-04-21T19:22:22.492Z GET /api/health
2026-04-21T19:22:37.559Z GET /api/health
2026-04-21T19:22:52.640Z GET /api/health
2026-04-21T19:23:07.706Z GET /api/health
2026-04-21T19:23:22.784Z GET /api/health
2026-04-21T19:23:37.878Z GET /api/health
2026-04-21T19:23:52.949Z GET /api/health
2026-04-21T19:24:08.014Z GET /api/health
2026-04-21T19:24:23.099Z GET /api/health
2026-04-21T19:24:38.166Z GET /api/health
2026-04-21T19:24:53.230Z GET /api/health
2026-04-21T19:25:08.314Z GET /api/health
2026-04-21T19:25:23.376Z GET /api/health
2026-04-21T19:25:38.445Z GET /api/health
2026-04-21T19:25:53.501Z GET /api/health
2026-04-21T19:26:08.557Z GET /api/health
2026-04-21T19:26:23.658Z GET /api/health
2026-04-21T19:26:38.727Z GET /api/health
2026-04-21T19:26:53.818Z GET /api/health
2026-04-21T19:27:08.907Z GET /api/health
2026-04-21T19:27:23.968Z GET /api/health
2026-04-21T19:27:39.038Z GET /api/health
2026-04-21T19:27:54.135Z GET /api/health
2026-04-21T19:28:09.200Z GET /api/health
2026-04-21T19:28:24.266Z GET /api/health
2026-04-21T19:28:39.332Z GET /api/health
2026-04-21T19:28:54.398Z GET /api/health
2026-04-21T19:29:09.457Z GET /api/health
2026-04-21T19:29:24.542Z GET /api/health
2026-04-21T19:29:39.606Z GET /api/health
2026-04-21T19:29:54.680Z GET /api/health
2026-04-21T19:30:09.770Z GET /api/health
2026-04-21T19:30:24.833Z GET /api/health
2026-04-21T19:30:39.899Z GET /api/health
2026-04-21T19:30:54.988Z GET /api/health
2026-04-21T19:31:10.080Z GET /api/health
2026-04-21T19:31:25.158Z GET /api/health
2026-04-21T19:31:40.258Z GET /api/health
2026-04-21T19:31:55.319Z GET /api/health
2026-04-21T19:32:10.389Z GET /api/health
2026-04-21T19:32:25.478Z GET /api/health
2026-04-21T19:32:40.548Z GET /api/health
2026-04-21T19:32:55.631Z GET /api/health
2026-04-21T19:33:10.697Z GET /api/health
2026-04-21T19:33:25.765Z GET /api/health
2026-04-21T19:33:40.847Z GET /api/health
2026-04-21T19:33:55.929Z GET /api/health
2026-04-21T19:34:11.014Z GET /api/health
2026-04-21T19:34:26.086Z GET /api/health
2026-04-21T19:34:41.153Z GET /api/health
2026-04-21T19:34:56.215Z GET /api/health
2026-04-21T19:35:11.281Z GET /api/health
2026-04-21T19:35:26.367Z GET /api/health
2026-04-21T19:35:41.448Z GET /api/health
2026-04-21T19:35:56.508Z GET /api/health
2026-04-21T19:36:11.571Z GET /api/health
2026-04-21T19:36:26.638Z GET /api/health
2026-04-21T19:36:41.726Z GET /api/health
2026-04-21T19:36:56.819Z GET /api/health
2026-04-21T19:37:11.900Z GET /api/health
2026-04-21T19:37:26.964Z GET /api/health
2026-04-21T19:37:42.025Z GET /api/health
2026-04-21T19:37:57.110Z GET /api/health
2026-04-21T19:38:12.194Z GET /api/health
2026-04-21T19:38:27.262Z GET /api/health
2026-04-21T19:38:42.355Z GET /api/health
2026-04-21T19:38:57.430Z GET /api/health
2026-04-21T19:39:12.496Z GET /api/health
2026-04-21T19:39:27.553Z GET /api/health
2026-04-21T19:39:42.622Z GET /api/health
2026-04-21T19:39:57.687Z GET /api/health
2026-04-21T19:40:12.770Z GET /api/health
2026-04-21T19:40:27.851Z GET /api/health
2026-04-21T19:40:42.921Z GET /api/health
2026-04-21T19:40:57.982Z GET /api/health
2026-04-21T19:41:13.090Z GET /api/health
2026-04-21T19:41:28.192Z GET /api/health
2026-04-21T19:41:43.262Z GET /api/health
2026-04-21T19:41:58.331Z GET /api/health
2026-04-21T19:42:13.393Z GET /api/health
2026-04-21T19:42:28.470Z GET /api/health
2026-04-21T19:42:43.535Z GET /api/health
2026-04-21T19:42:58.647Z GET /api/health
2026-04-21T19:43:13.715Z GET /api/health
2026-04-21T19:43:28.795Z GET /api/health
2026-04-21T19:43:43.869Z GET /api/health
2026-04-21T19:43:58.952Z GET /api/health
2026-04-21T19:44:14.027Z GET /api/health
2026-04-21T19:44:29.098Z GET /api/health
2026-04-21T19:44:44.168Z GET /api/health
2026-04-21T19:44:59.239Z GET /api/health
2026-04-21T19:45:14.332Z GET /api/health
2026-04-21T19:45:29.415Z GET /api/health
2026-04-21T19:45:44.501Z GET /api/health
2026-04-21T19:45:59.602Z GET /api/health
2026-04-21T19:46:14.659Z GET /api/health
2026-04-21T19:46:29.734Z GET /api/health
2026-04-21T19:46:44.800Z GET /api/health
2026-04-21T19:46:59.896Z GET /api/health
2026-04-21T19:47:14.958Z GET /api/health
2026-04-21T19:47:30.022Z GET /api/health
2026-04-21T19:47:45.109Z GET /api/health
2026-04-21T19:48:00.187Z GET /api/health
2026-04-21T19:48:15.248Z GET /api/health
2026-04-21T19:48:30.321Z GET /api/health
2026-04-21T19:48:45.387Z GET /api/health
2026-04-21T19:49:00.454Z GET /api/health
2026-04-21T19:49:15.551Z GET /api/health
2026-04-21T19:49:30.636Z GET /api/health
2026-04-21T19:49:45.712Z GET /api/health
2026-04-21T19:50:00.774Z GET /api/health
2026-04-21T19:50:15.834Z GET /api/health
2026-04-21T19:50:30.897Z GET /api/health
2026-04-21T19:50:45.959Z GET /api/health
2026-04-21T19:51:01.049Z GET /api/health
2026-04-21T19:51:16.118Z GET /api/health
2026-04-21T19:51:31.199Z GET /api/health
2026-04-21T19:51:46.264Z GET /api/health
2026-04-21T19:52:01.344Z GET /api/health
2026-04-21T19:52:16.419Z GET /api/health
2026-04-21T19:52:31.485Z GET /api/health
2026-04-21T19:52:46.545Z GET /api/health
2026-04-21T19:53:01.609Z GET /api/health
2026-04-21T19:53:16.701Z GET /api/health
2026-04-21T19:53:31.769Z GET /api/health
2026-04-21T19:53:46.832Z GET /api/health
2026-04-21T19:54:01.899Z GET /api/health
2026-04-21T19:54:16.976Z GET /api/health
2026-04-21T19:54:32.040Z GET /api/health
2026-04-21T19:54:47.119Z GET /api/health
2026-04-21T19:55:02.185Z GET /api/health
2026-04-21T19:55:17.256Z GET /api/health
2026-04-21T19:55:32.326Z GET /api/health
2026-04-21T19:55:47.401Z GET /api/health
2026-04-21T19:56:02.463Z GET /api/health
2026-04-21T19:56:17.527Z GET /api/health
2026-04-21T19:56:32.603Z GET /api/health
2026-04-21T19:56:47.667Z GET /api/health
2026-04-21T19:57:02.739Z GET /api/health
2026-04-21T19:57:17.817Z GET /api/health
2026-04-21T19:57:32.896Z GET /api/health
2026-04-21T19:57:47.969Z GET /api/health
2026-04-21T19:58:03.021Z GET /api/health
2026-04-21T19:58:18.096Z GET /api/health
2026-04-21T19:58:33.164Z GET /api/health
2026-04-21T19:58:48.242Z GET /api/health
2026-04-21T19:59:03.309Z GET /api/health
2026-04-21T19:59:18.410Z GET /api/health
2026-04-21T19:59:33.491Z GET /api/health
2026-04-21T19:59:48.577Z GET /api/health
2026-04-21T20:00:03.656Z GET /api/health
2026-04-21T20:00:18.734Z GET /api/health
2026-04-21T20:00:33.788Z GET /api/health
2026-04-21T20:00:48.858Z GET /api/health
2026-04-21T20:01:03.927Z GET /api/health
2026-04-21T20:01:19.011Z GET /api/health
2026-04-21T20:01:34.096Z GET /api/health
2026-04-21T20:01:49.152Z GET /api/health
2026-04-21T20:02:04.225Z GET /api/health
2026-04-21T20:02:19.292Z GET /api/health
2026-04-21T20:02:34.392Z GET /api/health
2026-04-21T20:02:49.488Z GET /api/health
2026-04-21T20:03:04.555Z GET /api/health
2026-04-21T20:03:19.634Z GET /api/health
2026-04-22T18:58:36.709Z GET /api/health
2026-04-22T18:58:51.833Z GET /api/health
2026-04-22T18:59:06.923Z GET /api/health
2026-04-22T18:59:22.018Z GET /api/health
2026-04-22T18:59:37.105Z GET /api/health
2026-04-22T18:59:52.192Z GET /api/health
2026-04-22T19:00:07.270Z GET /api/health
2026-04-22T19:00:22.353Z GET /api/health
2026-04-22T19:00:37.438Z GET /api/health
2026-04-22T19:00:52.522Z GET /api/health
2026-04-22T19:01:07.602Z GET /api/health
2026-04-22T19:01:22.692Z GET /api/health
2026-04-22T19:01:37.780Z GET /api/health
2026-04-22T19:01:52.861Z GET /api/health
2026-04-22T19:02:07.934Z GET /api/health
2026-04-22T19:02:23.010Z GET /api/health
2026-04-22T19:02:38.073Z GET /api/health
2026-04-22T19:02:53.146Z GET /api/health
2026-04-22T19:03:08.255Z GET /api/health
2026-04-22T19:03:23.330Z GET /api/health
2026-04-22T19:03:38.393Z GET /api/health
2026-04-22T19:03:53.467Z GET /api/health
2026-04-22T19:04:08.548Z GET /api/health
2026-04-22T19:04:23.645Z GET /api/health
2026-04-22T19:04:38.724Z GET /api/health
2026-04-22T19:04:53.809Z GET /api/health
2026-04-22T19:05:08.899Z GET /api/health
2026-04-22T19:05:23.970Z GET /api/health
2026-04-22T19:05:39.042Z GET /api/health
2026-04-22T19:05:54.113Z GET /api/health
2026-04-22T19:06:09.176Z GET /api/health
2026-04-22T19:06:24.251Z GET /api/health
2026-04-22T19:06:39.330Z GET /api/health
2026-04-22T19:06:54.421Z GET /api/health
2026-04-22T19:07:09.493Z GET /api/health
2026-04-22T19:07:24.566Z GET /api/health
2026-04-22T19:07:39.624Z GET /api/health
2026-04-22T19:07:54.714Z GET /api/health
2026-04-22T19:08:09.782Z GET /api/health
2026-04-22T19:08:24.849Z GET /api/health
2026-04-22T19:08:39.913Z GET /api/health
2026-04-22T19:08:54.987Z GET /api/health
2026-04-22T19:09:10.041Z GET /api/health
2026-04-22T19:09:25.112Z GET /api/health
2026-04-22T19:09:40.195Z GET /api/health
2026-04-22T19:09:55.275Z GET /api/health
2026-04-22T19:10:10.339Z GET /api/health
2026-04-22T19:10:25.415Z GET /api/health
2026-04-22T19:10:40.475Z GET /api/health
2026-04-22T19:10:55.540Z GET /api/health
2026-04-22T19:11:10.599Z GET /api/health
2026-04-22T19:11:25.673Z GET /api/health
2026-04-22T19:11:40.758Z GET /api/health
2026-04-22T19:11:55.850Z GET /api/health
2026-04-22T19:12:10.950Z GET /api/health
2026-04-22T19:12:26.022Z GET /api/health
2026-04-22T19:12:41.091Z GET /api/health
2026-04-22T19:12:56.162Z GET /api/health
2026-04-22T19:13:11.238Z GET /api/health
2026-04-22T19:13:26.329Z GET /api/health
2026-04-22T19:13:41.410Z GET /api/health
2026-04-22T19:13:56.478Z GET /api/health
2026-04-22T19:14:11.551Z GET /api/health
2026-04-22T19:14:26.623Z GET /api/health
2026-04-22T19:14:41.685Z GET /api/health
2026-04-22T19:14:56.753Z GET /api/health
2026-04-22T19:15:11.824Z GET /api/health
2026-04-22T19:15:26.884Z GET /api/health
2026-04-22T19:15:41.961Z GET /api/health
2026-04-22T19:15:57.031Z GET /api/health
2026-04-22T19:16:12.088Z GET /api/health
2026-04-22T19:16:27.182Z GET /api/health
2026-04-22T19:16:42.258Z GET /api/health
2026-04-22T19:16:57.354Z GET /api/health
2026-04-22T19:17:12.442Z GET /api/health
2026-04-22T19:17:27.527Z GET /api/health
2026-04-22T19:17:42.604Z GET /api/health
2026-04-22T19:17:57.692Z GET /api/health
2026-04-22T19:18:12.761Z GET /api/health
2026-04-22T19:18:27.891Z GET /api/health
2026-04-22T19:18:42.984Z GET /api/health
2026-04-22T19:18:58.055Z GET /api/health
2026-04-22T19:19:13.146Z GET /api/health
2026-04-22T19:19:28.205Z GET /api/health
2026-04-22T19:19:43.280Z GET /api/health
2026-04-22T19:19:58.350Z GET /api/health
2026-04-22T19:20:13.418Z GET /api/health
2026-04-22T19:20:28.491Z GET /api/health
2026-04-22T19:20:43.602Z GET /api/health
2026-04-22T19:20:58.726Z GET /api/health
2026-04-22T19:21:13.804Z GET /api/health
2026-04-22T19:21:28.884Z GET /api/health
2026-04-22T19:21:43.971Z GET /api/health
2026-04-22T19:21:59.048Z GET /api/health
2026-04-22T19:22:14.146Z GET /api/health
2026-04-22T19:22:29.284Z GET /api/health
2026-04-22T19:22:44.367Z GET /api/health
2026-04-22T19:22:59.442Z GET /api/health
2026-04-22T19:23:14.534Z GET /api/health
2026-04-22T19:23:29.607Z GET /api/health
2026-04-22T19:23:44.680Z GET /api/health
2026-04-22T19:23:59.766Z GET /api/health
2026-04-22T19:24:14.865Z GET /api/health
2026-04-22T19:24:29.953Z GET /api/health
2026-04-22T19:24:45.025Z GET /api/health
2026-04-22T19:25:00.078Z GET /api/health
2026-04-22T19:25:15.187Z GET /api/health
2026-04-22T19:25:30.249Z GET /api/health
2026-04-22T19:25:45.338Z GET /api/health
2026-04-22T19:26:00.408Z GET /api/health
2026-04-22T19:26:15.483Z GET /api/health
2026-04-22T19:26:30.558Z GET /api/health
2026-04-22T19:26:45.630Z GET /api/health
2026-04-22T19:27:00.690Z GET /api/health
2026-04-22T19:27:15.789Z GET /api/health
2026-04-22T19:27:30.865Z GET /api/health
2026-04-22T19:27:45.917Z GET /api/health
2026-04-22T19:28:00.998Z GET /api/health
2026-04-22T19:28:16.056Z GET /api/health
2026-04-22T19:28:31.117Z GET /api/health
2026-04-22T19:28:46.191Z GET /api/health
2026-04-22T19:29:01.258Z GET /api/health
2026-04-22T19:29:16.325Z GET /api/health
2026-04-22T19:29:31.377Z GET /api/health
2026-04-22T19:29:46.450Z GET /api/health
2026-04-22T19:30:01.528Z GET /api/health
2026-04-22T19:30:16.613Z GET /api/health
2026-04-22T19:30:31.688Z GET /api/health
2026-04-22T19:30:46.764Z GET /api/health
2026-04-22T19:31:01.823Z GET /api/health
2026-04-22T19:31:16.905Z GET /api/health
2026-04-22T19:31:31.985Z GET /api/health
2026-04-22T19:31:47.072Z GET /api/health
2026-04-22T19:32:02.133Z GET /api/health
2026-04-22T19:32:17.186Z GET /api/health
2026-04-22T19:32:32.265Z GET /api/health
2026-04-22T19:32:47.342Z GET /api/health
2026-04-22T19:33:02.410Z GET /api/health
2026-04-22T19:33:17.487Z GET /api/health
2026-04-22T19:33:32.584Z GET /api/health
2026-04-22T19:33:47.673Z GET /api/health
2026-04-22T19:34:02.734Z GET /api/health
2026-04-22T19:34:17.841Z GET /api/health
2026-04-22T19:34:32.914Z GET /api/health
2026-04-22T19:34:47.973Z GET /api/health
2026-04-22T19:35:03.033Z GET /api/health
2026-04-22T19:35:18.113Z GET /api/health
2026-04-22T19:35:33.169Z GET /api/health
2026-04-22T19:35:48.242Z GET /api/health
2026-04-22T19:36:03.320Z GET /api/health
2026-04-22T19:36:18.388Z GET /api/health
2026-04-22T19:36:33.452Z GET /api/health
2026-04-22T19:36:48.514Z GET /api/health
2026-04-22T19:37:03.570Z GET /api/health
2026-04-22T19:37:18.641Z GET /api/health
2026-04-22T19:37:33.717Z GET /api/health
2026-04-22T19:37:48.793Z GET /api/health
2026-04-22T19:38:03.859Z GET /api/health
2026-04-22T19:38:18.928Z GET /api/health
2026-04-22T19:38:33.995Z GET /api/health
2026-04-22T19:38:49.076Z GET /api/health
2026-04-22T19:39:04.154Z GET /api/health
2026-04-22T19:39:19.248Z GET /api/health
2026-04-22T19:39:34.335Z GET /api/health
2026-04-22T19:39:49.413Z GET /api/health
2026-04-22T19:40:04.483Z GET /api/health
2026-04-22T19:40:19.657Z GET /api/health
2026-04-22T19:40:34.746Z GET /api/health
2026-04-22T19:40:49.824Z GET /api/health
2026-04-22T19:41:04.921Z GET /api/health
2026-04-22T19:41:19.995Z GET /api/health
2026-04-22T19:41:35.072Z GET /api/health
2026-04-22T19:41:50.160Z GET /api/health
2026-04-22T19:42:05.240Z GET /api/health
2026-04-22T19:42:20.311Z GET /api/health
2026-04-22T19:42:35.387Z GET /api/health
2026-04-22T19:42:50.480Z GET /api/health
2026-04-22T19:43:05.582Z GET /api/health
2026-04-22T19:43:20.657Z GET /api/health
2026-04-22T19:43:35.735Z GET /api/health
2026-04-22T19:43:50.802Z GET /api/health
2026-04-22T19:44:05.879Z GET /api/health
2026-04-22T19:44:20.971Z GET /api/health
2026-04-22T19:44:36.051Z GET /api/health
2026-04-22T19:44:51.133Z GET /api/health
2026-04-22T19:45:06.198Z GET /api/health
2026-04-22T19:45:21.268Z GET /api/health
2026-04-22T19:45:36.344Z GET /api/health
2026-04-22T19:45:51.447Z GET /api/health
2026-04-22T19:46:06.538Z GET /api/health
